Crashlog created at 2019-09-26 06:33:00 +0200

===== MESSAGE:

NoMethodError: undefined method `strftime' for nil:NilClass

===== ITEM BEING COMPILED:

Current item: /blog.html (:default representation)

===== STACK TRACE:

  20. from /Users/Tim/.rbenv/versions/2.5.1/lib/ruby/gems/2.5.0/gems/nanoc-4.11.12/lib/nanoc/base/services/compiler/phases/resume.rb:43:in `block in fiber_for'
  19. from /Users/Tim/.rbenv/versions/2.5.1/lib/ruby/gems/2.5.0/gems/nanoc-4.11.12/lib/nanoc/base/services/compiler/phases/resume.rb:15:in `block in run'
  18. from /Users/Tim/.rbenv/versions/2.5.1/lib/ruby/gems/2.5.0/gems/nanoc-4.11.12/lib/nanoc/base/services/compiler/phases/abstract.rb:26:in `block in call'
  17. from /Users/Tim/.rbenv/versions/2.5.1/lib/ruby/gems/2.5.0/gems/nanoc-4.11.12/lib/nanoc/base/services/compiler/phases/abstract.rb:24:in `call'
  16. from /Users/Tim/.rbenv/versions/2.5.1/lib/ruby/gems/2.5.0/gems/nanoc-4.11.12/lib/nanoc/base/services/compiler/phases/cache.rb:26:in `run'
  15. from /Users/Tim/.rbenv/versions/2.5.1/lib/ruby/gems/2.5.0/gems/nanoc-4.11.12/lib/nanoc/base/services/compiler/phases/abstract.rb:26:in `block in call'
  14. from /Users/Tim/.rbenv/versions/2.5.1/lib/ruby/gems/2.5.0/gems/nanoc-4.11.12/lib/nanoc/base/services/compiler/phases/abstract.rb:24:in `call'
  13. from /Users/Tim/.rbenv/versions/2.5.1/lib/ruby/gems/2.5.0/gems/nanoc-4.11.12/lib/nanoc/base/services/compiler/phases/recalculate.rb:30:in `run'
  12. from /Users/Tim/.rbenv/versions/2.5.1/lib/ruby/gems/2.5.0/gems/nanoc-core-4.11.12/lib/nanoc/core/action_sequence.rb:49:in `each'
  11. from /Users/Tim/.rbenv/versions/2.5.1/lib/ruby/gems/2.5.0/gems/nanoc-core-4.11.12/lib/nanoc/core/action_sequence.rb:49:in `each'
  10. from /Users/Tim/.rbenv/versions/2.5.1/lib/ruby/gems/2.5.0/gems/nanoc-core-4.11.12/lib/nanoc/core/action_sequence.rb:49:in `block in each'
  9. from /Users/Tim/.rbenv/versions/2.5.1/lib/ruby/gems/2.5.0/gems/nanoc-4.11.12/lib/nanoc/base/services/compiler/phases/recalculate.rb:33:in `block in run'
  8. from /Users/Tim/.rbenv/versions/2.5.1/lib/ruby/gems/2.5.0/gems/nanoc-4.11.12/lib/nanoc/base/services/executor.rb:22:in `filter'
  7. from /Users/Tim/.rbenv/versions/2.5.1/lib/ruby/gems/2.5.0/gems/nanoc-4.11.12/lib/nanoc/base/services/filter.rb:187:in `setup_and_run'
  6. from /Users/Tim/.rbenv/versions/2.5.1/lib/ruby/gems/2.5.0/gems/nanoc-4.11.12/lib/nanoc/filters/erb.rb:36:in `run'
  5. from /Users/Tim/.rbenv/versions/2.5.1/lib/ruby/2.5.0/erb.rb:876:in `result'
  4. from /Users/Tim/.rbenv/versions/2.5.1/lib/ruby/2.5.0/erb.rb:876:in `eval'
  3. from item /blog.html (rep default):9:in `get_binding'
  2. from item /blog.html (rep default):9:in `each'
  1. from item /blog.html (rep default):12:in `block in get_binding'
  lib/post_helper.rb:3:in `get_pretty_date'

===== VERSION INFORMATION:

Nanoc 4.11.12 © 2007–2019 Denis Defreyne.
Running ruby 2.5.1 (2018-03-29) on x86_64-darwin18 with RubyGems 3.0.6.

===== SYSTEM INFORMATION:

Darwin Tims-MacBook-Pro.local 18.7.0 Darwin Kernel Version 18.7.0: Tue Aug 20 16:57:14 PDT 2019; root:xnu-4903.271.2~2/RELEASE_X86_64 x86_64

===== INSTALLED GEMS:

  actioncable 6.0.0
  actionmailbox 6.0.0
  actionmailer 6.0.0
  actionpack 6.0.0
  actiontext 6.0.0
  actionview 6.0.0
  activejob 6.0.0
  activemodel 6.0.0
  activerecord 6.0.0
  activestorage 6.0.0
  activesupport 6.0.0
  addressable 2.6.0, 2.7.0
  adsf 1.4.2
  bigdecimal 1.3.4
  bindex 0.8.1
  bootsnap 1.4.5
  builder 3.2.3
  bundle 0.0.1
  bundler 1.17.3, 2.0.2
  byebug 11.0.1
  capybara 3.29.0
  childprocess 2.0.0
  cmath 1.0.0
  colorator 1.1.0
  colored 1.2
  concurrent-ruby 1.1.5
  crass 1.0.4
  cri 2.15.9
  csv 1.0.0
  date 1.0.0
  dbm 1.0.0
  ddmemoize 1.0.0
  ddmetrics 1.0.1
  ddplugin 1.0.2
  did_you_mean 1.2.0
  diff-lcs 1.3
  em-websocket 0.5.1
  equatable 0.6.1
  erubi 1.8.0
  etc 1.0.0
  eventmachine 1.2.7
  execjs 2.7.0
  fcntl 1.0.0
  ffi 1.11.1
  fiddle 1.0.0
  fileutils 1.0.2
  forwardable-extended 2.6.0
  gdbm 2.0.0
  globalid 0.4.2
  gosu 0.14.5
  hamster 3.0.0
  hash-joiner 0.0.7
  http_parser.rb 0.6.0
  i18n 0.9.5, 1.6.0
  io-console 0.4.6
  ipaddr 1.2.0
  jbuilder 2.9.1
  jekyll 3.8.6, 4.0.0
  jekyll-feed 0.12.1
  jekyll-katex 0.4.3
  jekyll-paginate-v2 1.5.2, 2.0.0
  jekyll-pandoc 2.0.1
  jekyll-sass-converter 1.5.2, 2.0.0
  jekyll-toc 0.12.1
  jekyll-watch 2.2.1
  json 2.1.0, 2.2.0
  json_schema 0.20.8
  katex 0.6.0
  kramdown 1.17.0, 2.1.0
  kramdown-math-katex 1.0.1
  kramdown-parser-gfm 1.1.0
  liquid 4.0.3
  listen 3.1.5
  loofah 2.2.3
  mail 2.7.1
  marcel 0.3.3
  mercenary 0.3.6
  method_source 0.9.2
  mimemagic 0.3.3
  mini_mime 1.0.2
  mini_portile2 2.4.0
  minitest 5.10.3, 5.11.3
  msgpack 1.3.1
  nanoc 4.11.12
  nanoc-core 4.11.12
  net-telnet 0.1.1
  nio4r 2.5.1
  nokogiri 1.10.3, 1.10.4
  openssl 2.1.0
  pandoc-ruby 2.0.2
  parallel 1.17.0
  pastel 0.7.3
  pathutil 0.16.2
  power_assert 1.1.1
  psych 3.0.2
  public_suffix 3.1.1, 4.0.1
  puma 3.12.1
  rack 1.2.8, 2.0.7
  rack-proxy 0.6.5
  rack-test 1.1.0
  rails 6.0.0
  rails-dom-testing 2.0.3
  rails-html-sanitizer 1.2.0
  railties 6.0.0
  rake 0.9.2.2, 12.3.0, 12.3.3
  rb-fsevent 0.10.3
  rb-inotify 0.10.0
  rdoc 6.0.1
  ref 2.0.0
  regexp_parser 1.6.0
  rouge 3.7.0, 3.11.0
  ruby_dep 1.5.0
  rubygems-update 3.0.6
  rubyzip 1.2.4
  safe_yaml 1.0.5
  sass 3.7.4
  sass-listen 4.0.0
  sass-rails 5.1.0
  sassc 2.2.1
  scanf 1.0.0
  sdbm 1.0.0
  selenium-webdriver 3.142.4
  slow_enumerator_tools 1.1.0
  spring 2.1.0
  spring-watcher-listen 2.0.1
  sprockets 3.7.2
  sprockets-rails 3.2.1
  sqlite3 1.4.1
  stringio 0.0.1
  strscan 1.0.0
  terminal-table 1.8.0
  test-unit 3.2.7
  thor 0.20.3
  thread_safe 0.3.6
  tilt 2.0.9
  tomlrb 1.2.8
  tty-color 0.5.0
  tty-command 0.8.2
  tty-platform 0.2.1
  tty-which 0.4.1
  turbolinks 5.2.0
  turbolinks-source 5.2.0
  tzinfo 1.2.5
  unicode-display_width 1.6.0
  web-console 4.0.1
  webdrivers 4.1.2
  webpacker 4.0.7
  webrick 1.4.2
  websocket-driver 0.7.1
  websocket-extensions 0.1.4
  xmlrpc 0.3.0
  xpath 3.2.0
  zeitwerk 2.1.10
  zlib 1.0.0

===== LOAD PATHS:

  0. /Users/Tim/.rbenv/versions/2.5.1/lib/ruby/gems/2.5.0/gems/ref-2.0.0/lib
  1. /usr/local/Cellar/rbenv/1.1.2/rbenv.d/exec/gem-rehash
  2. /Users/Tim/.rbenv/versions/2.5.1/lib/ruby/gems/2.5.0/gems/did_you_mean-1.2.0/lib
  3. /Users/Tim/.rbenv/versions/2.5.1/lib/ruby/gems/2.5.0/gems/colored-1.2/lib
  4. /Users/Tim/.rbenv/versions/2.5.1/lib/ruby/gems/2.5.0/gems/cri-2.15.9/lib
  5. /Users/Tim/.rbenv/versions/2.5.1/lib/ruby/gems/2.5.0/gems/diff-lcs-1.3/lib
  6. /Users/Tim/.rbenv/versions/2.5.1/lib/ruby/gems/2.5.0/gems/ddmetrics-1.0.1/lib
  7. /Users/Tim/.rbenv/versions/2.5.1/lib/ruby/gems/2.5.0/gems/ref-2.0.0/lib
  8. /Users/Tim/.rbenv/versions/2.5.1/lib/ruby/gems/2.5.0/gems/ddmemoize-1.0.0/lib
  9. /Users/Tim/.rbenv/versions/2.5.1/lib/ruby/gems/2.5.0/gems/ddplugin-1.0.2/lib
  10. /Users/Tim/.rbenv/versions/2.5.1/lib/ruby/gems/2.5.0/gems/concurrent-ruby-1.1.5/lib
  11. /Users/Tim/.rbenv/versions/2.5.1/lib/ruby/gems/2.5.0/gems/hamster-3.0.0/lib
  12. /Users/Tim/.rbenv/versions/2.5.1/lib/ruby/gems/2.5.0/gems/json_schema-0.20.8/lib
  13. /Users/Tim/.rbenv/versions/2.5.1/lib/ruby/gems/2.5.0/gems/slow_enumerator_tools-1.1.0/lib
  14. /Users/Tim/.rbenv/versions/2.5.1/lib/ruby/gems/2.5.0/gems/zeitwerk-2.1.10/lib
  15. /Users/Tim/.rbenv/versions/2.5.1/lib/ruby/gems/2.5.0/gems/nanoc-core-4.11.12/lib
  16. /Users/Tim/.rbenv/versions/2.5.1/lib/ruby/gems/2.5.0/gems/parallel-1.17.0/lib
  17. /Users/Tim/.rbenv/versions/2.5.1/lib/ruby/gems/2.5.0/gems/tomlrb-1.2.8/lib
  18. /Users/Tim/.rbenv/versions/2.5.1/lib/ruby/gems/2.5.0/gems/equatable-0.6.1/lib
  19. /Users/Tim/.rbenv/versions/2.5.1/lib/ruby/gems/2.5.0/gems/tty-color-0.5.0/lib
  20. /Users/Tim/.rbenv/versions/2.5.1/lib/ruby/gems/2.5.0/gems/pastel-0.7.3/lib
  21. /Users/Tim/.rbenv/versions/2.5.1/lib/ruby/gems/2.5.0/gems/tty-command-0.8.2/lib
  22. /Users/Tim/.rbenv/versions/2.5.1/lib/ruby/gems/2.5.0/gems/tty-platform-0.2.1/lib
  23. /Users/Tim/.rbenv/versions/2.5.1/lib/ruby/gems/2.5.0/gems/tty-which-0.4.1/lib
  24. /Users/Tim/.rbenv/versions/2.5.1/lib/ruby/gems/2.5.0/gems/nanoc-4.11.12/lib
  25. /Users/Tim/.rbenv/versions/2.5.1/lib/ruby/gems/2.5.0/gems/public_suffix-4.0.1/lib
  26. /Users/Tim/.rbenv/versions/2.5.1/lib/ruby/gems/2.5.0/gems/addressable-2.7.0/lib
  27. /Users/Tim/.rbenv/versions/2.5.1/lib/ruby/gems/2.5.0/gems/json-2.2.0/lib
  28. /Users/Tim/.rbenv/versions/2.5.1/lib/ruby/gems/2.5.0/extensions/x86_64-darwin-18/2.5.0-static/json-2.2.0
  29. /Users/Tim/.rbenv/versions/2.5.1/lib/ruby/site_ruby/2.5.0
  30. /Users/Tim/.rbenv/versions/2.5.1/lib/ruby/site_ruby/2.5.0/x86_64-darwin18
  31. /Users/Tim/.rbenv/versions/2.5.1/lib/ruby/site_ruby
  32. /Users/Tim/.rbenv/versions/2.5.1/lib/ruby/vendor_ruby/2.5.0
  33. /Users/Tim/.rbenv/versions/2.5.1/lib/ruby/vendor_ruby/2.5.0/x86_64-darwin18
  34. /Users/Tim/.rbenv/versions/2.5.1/lib/ruby/vendor_ruby
  35. /Users/Tim/.rbenv/versions/2.5.1/lib/ruby/2.5.0
  36. /Users/Tim/.rbenv/versions/2.5.1/lib/ruby/2.5.0/x86_64-darwin18
